c:\users\никита\documents\teamlab\imitator_prototype\imitator_prototype\x64\debug\imitator_prototype.pch
c:\users\никита\documents\teamlab\imitator_prototype\imitator_prototype\x64\debug\vc120.pdb
c:\users\никита\documents\teamlab\imitator_prototype\imitator_prototype\x64\debug\vc120.idb
c:\users\никита\documents\teamlab\imitator_prototype\imitator_prototype\x64\debug\stdafx.obj
c:\users\никита\documents\teamlab\imitator_prototype\imitator_prototype\x64\debug\airobject.obj
c:\users\никита\documents\teamlab\imitator_prototype\imitator_prototype\x64\debug\imitator.obj
c:\users\никита\documents\teamlab\imitator_prototype\imitator_prototype\x64\debug\imitator_prototype.obj
c:\users\никита\documents\teamlab\imitator_prototype\imitator_prototype\x64\debug\noize.obj
c:\users\никита\documents\teamlab\imitator_prototype\imitator_prototype\x64\debug\referencestate.obj
c:\users\никита\documents\teamlab\imitator_prototype\imitator_prototype\x64\debug\resultofscan.obj
c:\users\никита\documents\teamlab\imitator_prototype\imitator_prototype\x64\debug\saver.obj
c:\users\никита\documents\teamlab\imitator_prototype\imitator_prototype\x64\debug\voi.obj
c:\users\никита\documents\teamlab\imitator_prototype\x64\debug\imitator_prototype.ilk
c:\users\никита\documents\teamlab\imitator_prototype\x64\debug\imitator_prototype.exe
c:\users\никита\documents\teamlab\imitator_prototype\x64\debug\imitator_prototype.pdb
c:\users\никита\documents\teamlab\imitator_prototype\imitator_prototype\x64\debug\imitator.d06443c8.tlog\cl.command.1.tlog
c:\users\никита\documents\teamlab\imitator_prototype\imitator_prototype\x64\debug\imitator.d06443c8.tlog\cl.read.1.tlog
c:\users\никита\documents\teamlab\imitator_prototype\imitator_prototype\x64\debug\imitator.d06443c8.tlog\cl.write.1.tlog
c:\users\никита\documents\teamlab\imitator_prototype\imitator_prototype\x64\debug\imitator.d06443c8.tlog\link.command.1.tlog
c:\users\никита\documents\teamlab\imitator_prototype\imitator_prototype\x64\debug\imitator.d06443c8.tlog\link.read.1.tlog
c:\users\никита\documents\teamlab\imitator_prototype\imitator_prototype\x64\debug\imitator.d06443c8.tlog\link.write.1.tlog
