Сборка начата 22.11.2018 19:41:54.
     1>Проект "D:\GitTeam\Teamlab\Imitator_prototype\Imitator_prototype\Imitator_prototype.vcxproj" в узле 2 (целевые объекты Build).
     1>ClCompile:
         C:\Program Files (x86)\Microsoft Visual Studio 12.0\VC\bin\x86_amd64\CL.exe /c /I"C:\Program Files\MATLAB\R2018b\extern\include" /Zi /nologo /W3 /WX- /sdl /Od /D WIN32 /D _DEBUG /D _CONSOLE /D _LIB /D _UNICODE /D UNICODE /Gm /EHsc /RTC1 /MDd /GS /fp:precise /Zc:wchar_t /Zc:forScope /Yu"stdafx.h" /Fp"x64\Debug\Imitator_prototype.pch" /Fo"x64\Debug\\" /Fd"x64\Debug\vc120.pdb" /Gd /TP /errorReport:prompt AirObject.cpp
         AirObject.cpp
     1>AirObject.cpp(163): warning C4129: N: неизвестная escape-последовательность
       Link:
         C:\Program Files (x86)\Microsoft Visual Studio 12.0\VC\bin\x86_amd64\link.exe /ERRORREPORT:PROMPT /OUT:"D:\GitTeam\Teamlab\Imitator_prototype\x64\Debug\Imitator_prototype.exe" /INCREMENTAL /NOLOGO /LIBPATH:"C:\Program Files\MATLAB\R2018b\extern\lib\win64\microsoft" libeng.lib libmx.lib libmat.lib kernel32.lib user32.lib gdi32.lib winspool.lib comdlg32.lib advapi32.lib shell32.lib ole32.lib oleaut32.lib uuid.lib odbc32.lib odbccp32.lib /MANIFEST /MANIFESTUAC:"level='asInvoker' uiAccess='false'" /manifest:embed /DEBUG /PDB:"D:\GitTeam\Teamlab\Imitator_prototype\x64\Debug\Imitator_prototype.pdb" /SUBSYSTEM:CONSOLE /TLBID:1 /DYNAMICBASE /NXCOMPAT /IMPLIB:"D:\GitTeam\Teamlab\Imitator_prototype\x64\Debug\Imitator_prototype.lib" /MACHINE:X64 x64\Debug\AirObject.obj
         x64\Debug\Imitator.obj
         x64\Debug\Imitator_prototype.obj
         x64\Debug\Noize.obj
         x64\Debug\ReferenceState.obj
         x64\Debug\ResultOfScan.obj
         x64\Debug\Saver.obj
         x64\Debug\stdafx.obj
         x64\Debug\Voi2.obj
         Imitator_prototype.vcxproj -> D:\GitTeam\Teamlab\Imitator_prototype\x64\Debug\Imitator_prototype.exe
     1>Сборка проекта "D:\GitTeam\Teamlab\Imitator_prototype\Imitator_prototype\Imitator_prototype.vcxproj" завершена (целевые объекты Build).

Сборка успешно завершена.

Затраченное время: 00:00:00.23
